#-----------------------------------------------------------
# Vivado v2020.2 (64-bit)
# SW Build 3064766 on Wed Nov 18 09:12:45 MST 2020
# IP Build 3064653 on Wed Nov 18 14:17:31 MST 2020
# Start of session at: Sun Aug  3 22:59:14 2025
# Process ID: 12500
# Current directory: D:/Mtech/z_placements/verilog_code/fifo
# Command line: vivado.exe -gui_launcher_event rodinguilauncherevent13932 D:\Mtech\z_placements\verilog_code\fifo\fifo.xpr
# Log file: D:/Mtech/z_placements/verilog_code/fifo/vivado.log
# Journal file: D:/Mtech/z_placements/verilog_code/fifo\vivado.jou
#-----------------------------------------------------------
start_gui
open_project D:/Mtech/z_placements/verilog_code/fifo/fifo.xpr
WARNING: [filemgmt 56-3] Default IP Output Path : Could not find the directory 'D:/Mtech/z_placements/verilog_code/fifo/fifo.gen/sources_1'.
Scanning sources...
Finished scanning sources
INFO: [IP_Flow 19-234] Refreshing IP repositories
INFO: [IP_Flow 19-1704] No user IP repositories specified
INFO: [IP_Flow 19-2313] Loaded Vivado IP repository 'E:/softwares/Vivado/2020.2/data/ip'.
open_project: Time (s): cpu = 00:00:16 ; elapsed = 00:00:12 . Memory (MB): peak = 1110.285 ; gain = 0.000
update_compile_order -fileset sources_1
exit
INFO: [Common 17-206] Exiting Vivado at Mon Aug  4 02:00:14 2025...
